#
# There is insufficient memory for the Java Runtime Environment to continue.
# Native memory allocation (malloc) failed to allocate 476272 bytes. Error detail: Chunk::new
# Possible reasons:
#   The system is out of physical RAM or swap space
#   This process is running with CompressedOops enabled, and the Java Heap may be blocking the growth of the native heap
# Possible solutions:
#   Reduce memory load on the system
#   Increase physical memory or swap space
#   Check if swap backing store is full
#   Decrease Java heap size (-Xmx/-Xms)
#   Decrease number of Java threads
#   Decrease Java thread stack sizes (-Xss)
#   Set larger code cache with -XX:ReservedCodeCacheSize=
#   JVM is running with Unscaled Compressed Oops mode in which the Java heap is
#     placed in the first 4GB address space. The Java Heap base address is the
#     maximum limit for the native heap growth. Please use -XX:HeapBaseMinAddress
#     to set the Java Heap base and to place the Java Heap above 4GB virtual address.
# This output file may be truncated or incomplete.
#
#  Out of Memory Error (arena.cpp:168), pid=16220, tid=12172
#
# JRE version: OpenJDK Runtime Environment Temurin-21.0.7+6 (21.0.7+6) (build 21.0.7+6-LTS)
# Java VM: OpenJDK 64-Bit Server VM Temurin-21.0.7+6 (21.0.7+6-LTS, mixed mode, sharing, tiered, compressed oops, compressed class ptrs, parallel gc, windows-amd64)
# No core dump will be written. Minidumps are not enabled by default on client versions of Windows
#

---------------  S U M M A R Y ------------

Command Line: --add-modules=ALL-SYSTEM --add-opens=java.base/java.util=ALL-UNNAMED --add-opens=java.base/java.lang=ALL-UNNAMED --add-opens=java.base/sun.nio.fs=ALL-UNNAMED -Declipse.application=org.eclipse.jdt.ls.core.id1 -Dosgi.bundles.defaultStartLevel=4 -Declipse.product=org.eclipse.jdt.ls.core.product -Djava.import.generatesMetadataFilesAtProjectRoot=false -DDetectVMInstallationsJob.disabled=true -Dfile.encoding=utf8 -XX:+UseParallelGC -XX:GCTimeRatio=4 -XX:AdaptiveSizePolicyWeight=90 -Dsun.zip.disableMemoryMapping=true -Xmx2G -Xms100m -Xlog:disable -javaagent:c:\Users\ziada\.cursor\extensions\redhat.java-1.43.1-win32-x64\lombok\lombok-1.18.39-4050.jar c:\Users\ziada\.cursor\extensions\redhat.java-1.43.1-win32-x64\server\plugins\org.eclipse.equinox.launcher_1.7.0.v20250519-0528.jar -configuration c:\Users\ziada\AppData\Roaming\Cursor\User\globalStorage\redhat.java\1.43.1\config_ss_win -data c:\Users\ziada\AppData\Roaming\Cursor\User\workspaceStorage\66ca30e7e2d5072e9b0075de8fcedb7e\redhat.java\ss_ws --pipe=\\.\pipe\lsp-14f6dadf5c4110ef299ab1ba7e1938c2-sock

Host: Intel(R) Core(TM) i7-8550U CPU @ 1.80GHz, 8 cores, 7G,  Windows 11 , 64 bit Build 26100 (10.0.26100.4202)
Time: Fri Jul  4 15:03:20 2025 Egypt Daylight Time elapsed time: 12.619602 seconds (0d 0h 0m 12s)

---------------  T H R E A D  ---------------

Current thread (0x000001d19cabb960):  JavaThread "C2 CompilerThread0" daemon [_thread_in_native, id=12172, stack(0x000000b7f7900000,0x000000b7f7a00000) (1024K)]


Current CompileTask:
C2:12619  975   !   4       java.util.jar.Attributes::read (494 bytes)

Stack: [0x000000b7f7900000,0x000000b7f7a00000]
Native frames: (J=compiled Java code, j=interpreted, Vv=VM code, C=native code)
V  [jvm.dll+0x6ce119]
V  [jvm.dll+0x8a84a1]
V  [jvm.dll+0x8aa9ce]
V  [jvm.dll+0x8ab0b3]
V  [jvm.dll+0x27f8a6]
V  [jvm.dll+0xc507d]
V  [jvm.dll+0xc55b3]
V  [jvm.dll+0x3b692c]
V  [jvm.dll+0x382aa5]
V  [jvm.dll+0x381f0a]
V  [jvm.dll+0x247af0]
V  [jvm.dll+0x2470cf]
V  [jvm.dll+0x1c760e]
V  [jvm.dll+0x25695a]
V  [jvm.dll+0x254efa]
V  [jvm.dll+0x3f03f6]
V  [jvm.dll+0x851f6b]
V  [jvm.dll+0x6cc7dd]
C  [ucrtbase.dll+0x37b0]
C  [KERNEL32.DLL+0x2e8d7]
C  [ntdll.dll+0x3c34c]


---------------  P R O C E S S  ---------------

Threads class SMR info:
_java_thread_list=0x000001d1fa3d76a0, length=11, elements={
0x000001d19cb3da00, 0x000001d19caa8370, 0x000001d19cbee6a0, 0x000001d19caaf700,
0x000001d19cab1e60, 0x000001d19cab38c0, 0x000001d19cab4310, 0x000001d19cabb960,
0x000001d19cacc970, 0x000001d1fa05e900, 0x000001d1fa32a8c0
}

Java Threads: ( => current thread )
  0x000001d19cb3da00 JavaThread "main"                              [_thread_in_vm, id=2752, stack(0x000000b7f6f00000,0x000000b7f7000000) (1024K)]
  0x000001d19caa8370 JavaThread "Reference Handler"          daemon [_thread_blocked, id=15916, stack(0x000000b7f7300000,0x000000b7f7400000) (1024K)]
  0x000001d19cbee6a0 JavaThread "Finalizer"                  daemon [_thread_blocked, id=13384, stack(0x000000b7f7400000,0x000000b7f7500000) (1024K)]
  0x000001d19caaf700 JavaThread "Signal Dispatcher"          daemon [_thread_blocked, id=10568, stack(0x000000b7f7500000,0x000000b7f7600000) (1024K)]
  0x000001d19cab1e60 JavaThread "Attach Listener"            daemon [_thread_blocked, id=17808, stack(0x000000b7f7600000,0x000000b7f7700000) (1024K)]
  0x000001d19cab38c0 JavaThread "Service Thread"             daemon [_thread_blocked, id=18340, stack(0x000000b7f7700000,0x000000b7f7800000) (1024K)]
  0x000001d19cab4310 JavaThread "Monitor Deflation Thread"   daemon [_thread_blocked, id=2828, stack(0x000000b7f7800000,0x000000b7f7900000) (1024K)]
=>0x000001d19cabb960 JavaThread "C2 CompilerThread0"         daemon [_thread_in_native, id=12172, stack(0x000000b7f7900000,0x000000b7f7a00000) (1024K)]
  0x000001d19cacc970 JavaThread "C1 CompilerThread0"         daemon [_thread_blocked, id=10684, stack(0x000000b7f7a00000,0x000000b7f7b00000) (1024K)]
  0x000001d1fa05e900 JavaThread "Common-Cleaner"             daemon [_thread_blocked, id=1704, stack(0x000000b7f7b00000,0x000000b7f7c00000) (1024K)]
  0x000001d1fa32a8c0 JavaThread "Notification Thread"        daemon [_thread_blocked, id=19096, stack(0x000000b7f7c00000,0x000000b7f7d00000) (1024K)]
Total: 11

Other Threads:
  0x000001d19cbd4b20 VMThread "VM Thread"                           [id=8140, stack(0x000000b7f7200000,0x000000b7f7300000) (1024K)]
  0x000001d19c9bc8d0 WatcherThread "VM Periodic Task Thread"        [id=21480, stack(0x000000b7f7100000,0x000000b7f7200000) (1024K)]
  0x000001d19cb56160 WorkerThread "GC Thread#0"                     [id=4044, stack(0x000000b7f7000000,0x000000b7f7100000) (1024K)]
Total: 3

Threads with active compile tasks:
C2 CompilerThread0  12661  975   !   4       java.util.jar.Attributes::read (494 bytes)
Total: 1

VM state: not at safepoint (normal execution)

VM Mutex/Monitor currently owned by a thread:  ([mutex/lock_event])
[0x00007ffe48afc308] Metaspace_lock - owner thread: 0x000001d19cb3da00

Heap address: 0x0000000080000000, size: 2048 MB, Compressed Oops mode: 32-bit

CDS archive(s) mapped at: [0x000001d1b4000000-0x000001d1b4ba0000-0x000001d1b4ba0000), size 12189696, SharedBaseAddress: 0x000001d1b4000000, ArchiveRelocationMode: 1.
Compressed class space mapped at: 0x000001d1b5000000-0x000001d1f5000000, reserved size: 1073741824
Narrow klass base: 0x000001d1b4000000, Narrow klass shift: 0, Narrow klass range: 0x100000000

GC Precious Log:
 CardTable entry size: 512
 CPUs: 8 total, 8 available
 Memory: 8083M
 Large Page Support: Disabled
 NUMA Support: Disabled
 Compressed Oops: Enabled (32-bit)
 Alignments: Space 512K, Generation 512K, Heap 2M
 Heap Min Capacity: 100M
 Heap Initial Capacity: 100M
 Heap Max Capacity: 2G
 Pre-touch: Disabled
 Parallel Workers: 8

Heap:
 PSYoungGen      total 29696K, used 21531K [0x00000000d5580000, 0x00000000d7680000, 0x0000000100000000)
  eden space 25600K, 84% used [0x00000000d5580000,0x00000000d6a86df8,0x00000000d6e80000)
  from space 4096K, 0% used [0x00000000d7280000,0x00000000d7280000,0x00000000d7680000)
  to   space 4096K, 0% used [0x00000000d6e80000,0x00000000d6e80000,0x00000000d7280000)
 ParOldGen       total 68608K, used 0K [0x0000000080000000, 0x0000000084300000, 0x00000000d5580000)
  object space 68608K, 0% used [0x0000000080000000,0x0000000080000000,0x0000000084300000)
 Metaspace       used 4069K, committed 4288K, reserved 1114112K
  class space    used 440K, committed 576K, reserved 1048576K

Card table byte_map: [0x000001d19c4d0000,0x000001d19c8e0000] _byte_map_base: 0x000001d19c0d0000

Marking Bits: (ParMarkBitMap*) 0x00007ffe48b031f0
 Begin Bits: [0x000001d1aefd0000, 0x000001d1b0fd0000)
 End Bits:   [0x000001d1b0fd0000, 0x000001d1b2fd0000)

Polling page: 0x000001d19a930000

Metaspace:

Usage:
  Non-class:      3.54 MB used.
      Class:    440.40 KB used.
       Both:      3.97 MB used.

Virtual space:
  Non-class space:       64.00 MB reserved,       3.62 MB (  6%) committed,  1 nodes.
      Class space:        1.00 GB reserved,     576.00 KB ( <1%) committed,  1 nodes.
             Both:        1.06 GB reserved,       4.19 MB ( <1%) committed. 

Chunk freelists:
   Non-Class:  11.31 MB
       Class:  15.45 MB
        Both:  26.77 MB

MaxMetaspaceSize: unlimited
CompressedClassSpaceSize: 1.00 GB
Initial GC threshold: 21.00 MB
Current GC threshold: 21.00 MB
CDS: on
 - commit_granule_bytes: 65536.
 - commit_granule_words: 8192.
 - virtual_space_node_default_size: 8388608.
 - enlarge_chunks_in_place: 1.
 - use_allocation_guard: 0.


Internal statistics:

num_allocs_failed_limit: 0.
num_arena_births: 178.
num_arena_deaths: 0.
num_vsnodes_births: 2.
num_vsnodes_deaths: 0.
num_space_committed: 67.
num_space_uncommitted: 0.
num_chunks_returned_to_freelist: 0.
num_chunks_taken_from_freelist: 231.
num_chunk_merges: 0.
num_chunk_splits: 149.
num_chunks_enlarged: 88.
num_inconsistent_stats: 0.

CodeHeap 'non-profiled nmethods': size=120000Kb used=403Kb max_used=403Kb free=119596Kb
 bounds [0x000001d1a77f0000, 0x000001d1a7a60000, 0x000001d1aed20000]
CodeHeap 'profiled nmethods': size=120000Kb used=1641Kb max_used=1641Kb free=118358Kb
 bounds [0x000001d19fd20000, 0x000001d19ff90000, 0x000001d1a7250000]
CodeHeap 'non-nmethods': size=5760Kb used=1194Kb max_used=1218Kb free=4566Kb
 bounds [0x000001d1a7250000, 0x000001d1a74c0000, 0x000001d1a77f0000]
 total_blobs=1475 nmethods=1017 adapters=365
 compilation: enabled
              stopped_count=0, restarted_count=0
 full_count=0

Compilation events (20 events):
Event: 10.493 Thread 0x000001d19cacc970  986       3       java.math.MutableBigInteger::unsignedLongCompare (20 bytes)
Event: 10.493 Thread 0x000001d19cacc970 nmethod 986 0x000001d19fea4a90 code [0x000001d19fea4c20, 0x000001d19fea4d90]
Event: 10.506 Thread 0x000001d19cacc970  987 %     3       java.math.BigInteger::implMultiplyToLen @ 135 (216 bytes)
Event: 10.507 Thread 0x000001d19cacc970 nmethod 987% 0x000001d19fea4e10 code [0x000001d19fea5020, 0x000001d19fea5708]
Event: 10.507 Thread 0x000001d19cacc970  988       3       java.math.BigInteger::implMultiplyToLen (216 bytes)
Event: 10.508 Thread 0x000001d19cacc970 nmethod 988 0x000001d19fea5b90 code [0x000001d19fea5d80, 0x000001d19fea6328]
Event: 10.509 Thread 0x000001d19cacc970  990       3       sun.security.util.DerOutputStream::<init> (5 bytes)
Event: 10.509 Thread 0x000001d19cacc970 nmethod 990 0x000001d19fea6710 code [0x000001d19fea68c0, 0x000001d19fea6a60]
Event: 10.516 Thread 0x000001d19cacc970  991       3       java.util.Arrays::hashCode (60 bytes)
Event: 10.516 Thread 0x000001d19cacc970 nmethod 991 0x000001d19fea6b10 code [0x000001d19fea6ce0, 0x000001d19fea6f68]
Event: 10.521 Thread 0x000001d19cacc970  992       3       sun.security.util.SignatureFileVerifier::updateSigners (132 bytes)
Event: 10.523 Thread 0x000001d19cacc970 nmethod 992 0x000001d19fea7090 code [0x000001d19fea7340, 0x000001d19fea8200]
Event: 10.523 Thread 0x000001d19cacc970  993       3       sun.security.util.SignatureFileVerifier::matches (89 bytes)
Event: 10.525 Thread 0x000001d19cacc970 nmethod 993 0x000001d19fea8810 code [0x000001d19fea8ac0, 0x000001d19fea9910]
Event: 12.553 Thread 0x000001d19cacc970  994       3       java.lang.invoke.MemberName::getType (19 bytes)
Event: 12.553 Thread 0x000001d19cacc970 nmethod 994 0x000001d19fea9f10 code [0x000001d19feaa0e0, 0x000001d19feaa3d0]
Event: 12.553 Thread 0x000001d19cacc970  995       3       java.lang.invoke.MethodHandles$Lookup::checkSymbolicClass (25 bytes)
Event: 12.553 Thread 0x000001d19cacc970 nmethod 995 0x000001d19feaa510 code [0x000001d19feaa6e0, 0x000001d19feaa960]
Event: 12.555 Thread 0x000001d19cacc970  996   !   3       jdk.internal.loader.BuiltinClassLoader$2::run (114 bytes)
Event: 12.556 Thread 0x000001d19cacc970 nmethod 996 0x000001d19feaaa90 code [0x000001d19feaad40, 0x000001d19feabb00]

GC Heap History (0 events):
No events

Dll operation events (8 events):
Event: 0.550 Loaded shared library c:\Users\ziada\.cursor\extensions\redhat.java-1.43.1-win32-x64\jre\21.0.7-win32-x86_64\bin\java.dll
Event: 1.843 Loaded shared library c:\Users\ziada\.cursor\extensions\redhat.java-1.43.1-win32-x64\jre\21.0.7-win32-x86_64\bin\zip.dll
Event: 2.277 Loaded shared library C:\Users\ziada\.cursor\extensions\redhat.java-1.43.1-win32-x64\jre\21.0.7-win32-x86_64\bin\instrument.dll
Event: 2.381 Loaded shared library C:\Users\ziada\.cursor\extensions\redhat.java-1.43.1-win32-x64\jre\21.0.7-win32-x86_64\bin\net.dll
Event: 2.395 Loaded shared library C:\Users\ziada\.cursor\extensions\redhat.java-1.43.1-win32-x64\jre\21.0.7-win32-x86_64\bin\nio.dll
Event: 2.404 Loaded shared library C:\Users\ziada\.cursor\extensions\redhat.java-1.43.1-win32-x64\jre\21.0.7-win32-x86_64\bin\zip.dll
Event: 2.685 Loaded shared library C:\Users\ziada\.cursor\extensions\redhat.java-1.43.1-win32-x64\jre\21.0.7-win32-x86_64\bin\jimage.dll
Event: 4.015 Loaded shared library c:\Users\ziada\.cursor\extensions\redhat.java-1.43.1-win32-x64\jre\21.0.7-win32-x86_64\bin\verify.dll

Deoptimization events (20 events):
Event: 8.843 Thread 0x000001d19cb3da00 DEOPT PACKING pc=0x000001d1a781ed8c sp=0x000000b7f6ffda00
Event: 8.843 Thread 0x000001d19cb3da00 DEOPT UNPACKING pc=0x000001d1a72a3aa2 sp=0x000000b7f6ffd990 mode 2
Event: 9.438 Thread 0x000001d19cb3da00 Uncommon trap: trap_request=0xffffff45 fr.pc=0x000001d1a783e5b0 relative=0x0000000000000090
Event: 9.438 Thread 0x000001d19cb3da00 Uncommon trap: reason=unstable_if action=reinterpret pc=0x000001d1a783e5b0 method=jdk.internal.misc.Unsafe.convEndian(ZI)I @ 4 c2
Event: 9.438 Thread 0x000001d19cb3da00 DEOPT PACKING pc=0x000001d1a783e5b0 sp=0x000000b7f6ffd650
Event: 9.438 Thread 0x000001d19cb3da00 DEOPT UNPACKING pc=0x000001d1a72a3aa2 sp=0x000000b7f6ffd580 mode 2
Event: 9.446 Thread 0x000001d19cb3da00 Uncommon trap: trap_request=0xffffff45 fr.pc=0x000001d1a7825c04 relative=0x0000000000000624
Event: 9.446 Thread 0x000001d19cb3da00 Uncommon trap: reason=unstable_if action=reinterpret pc=0x000001d1a7825c04 method=java.lang.AbstractStringBuilder.append(Ljava/lang/String;)Ljava/lang/AbstractStringBuilder; @ 1 c2
Event: 9.446 Thread 0x000001d19cb3da00 DEOPT PACKING pc=0x000001d1a7825c04 sp=0x000000b7f6ffd9b0
Event: 9.446 Thread 0x000001d19cb3da00 DEOPT UNPACKING pc=0x000001d1a72a3aa2 sp=0x000000b7f6ffd940 mode 2
Event: 9.446 Thread 0x000001d19cb3da00 Uncommon trap: trap_request=0xffffff45 fr.pc=0x000001d1a7826b74 relative=0x0000000000000614
Event: 9.446 Thread 0x000001d19cb3da00 Uncommon trap: reason=unstable_if action=reinterpret pc=0x000001d1a7826b74 method=java.lang.AbstractStringBuilder.append(Ljava/lang/String;)Ljava/lang/AbstractStringBuilder; @ 1 c2
Event: 9.446 Thread 0x000001d19cb3da00 DEOPT PACKING pc=0x000001d1a7826b74 sp=0x000000b7f6ffd960
Event: 9.446 Thread 0x000001d19cb3da00 DEOPT UNPACKING pc=0x000001d1a72a3aa2 sp=0x000000b7f6ffd948 mode 2
Event: 9.739 Thread 0x000001d19cb3da00 DEOPT PACKING pc=0x000001d19fe3207b sp=0x000000b7f6ffce50
Event: 9.739 Thread 0x000001d19cb3da00 DEOPT UNPACKING pc=0x000001d1a72a4242 sp=0x000000b7f6ffc2c8 mode 0
Event: 10.482 Thread 0x000001d19cb3da00 Uncommon trap: trap_request=0xffffffc6 fr.pc=0x000001d1a7852e0c relative=0x000000000000032c
Event: 10.482 Thread 0x000001d19cb3da00 Uncommon trap: reason=bimorphic_or_optimized_type_check action=maybe_recompile pc=0x000001d1a7852e0c method=java.util.HashMap.getNode(Ljava/lang/Object;)Ljava/util/HashMap$Node; @ 128 c2
Event: 10.482 Thread 0x000001d19cb3da00 DEOPT PACKING pc=0x000001d1a7852e0c sp=0x000000b7f6ffde50
Event: 10.482 Thread 0x000001d19cb3da00 DEOPT UNPACKING pc=0x000001d1a72a3aa2 sp=0x000000b7f6ffddc8 mode 2

Classes loaded (20 events):
Event: 10.337 Loading class java/nio/file/attribute/AclFileAttributeView
Event: 10.337 Loading class java/nio/file/attribute/FileOwnerAttributeView
Event: 10.337 Loading class java/nio/file/attribute/FileOwnerAttributeView done
Event: 10.337 Loading class java/nio/file/attribute/AclFileAttributeView done
Event: 10.337 Loading class sun/nio/fs/AbstractAclFileAttributeView done
Event: 10.337 Loading class sun/nio/fs/WindowsAclFileAttributeView done
Event: 10.337 Loading class sun/nio/fs/WindowsSecurity
Event: 10.338 Loading class sun/nio/fs/WindowsSecurity done
Event: 10.339 Loading class sun/nio/fs/WindowsFileStore
Event: 10.340 Loading class java/nio/file/FileStore
Event: 10.340 Loading class java/nio/file/FileStore done
Event: 10.340 Loading class sun/nio/fs/WindowsFileStore done
Event: 10.345 Loading class java/net/URLClassLoader$1
Event: 10.345 Loading class java/net/URLClassLoader$1 done
Event: 12.551 Loading class java/io/FilePermission$1
Event: 12.551 Loading class jdk/internal/access/JavaIOFilePermissionAccess
Event: 12.552 Loading class jdk/internal/access/JavaIOFilePermissionAccess done
Event: 12.552 Loading class java/io/FilePermission$1 done
Event: 12.552 Loading class java/io/FilePermissionCollection
Event: 12.552 Loading class java/io/FilePermissionCollection done

Classes unloaded (0 events):
No events

Classes redefined (0 events):
No events

Internal exceptions (20 events):
Event: 3.340 Thread 0x000001d19cb3da00 Exception <a 'java/lang/NoSuchMethodError'{0x00000000d5a08f90}: 'void java.lang.invoke.DirectMethodHandle$Holder.invokeStatic(java.lang.Object, java.lang.Object, int, java.lang.Object)'> (0x00000000d5a08f90) 
thrown [s\src\hotspot\share\interpreter\linkResolver.cpp, line 773]
Event: 3.341 Thread 0x000001d19cb3da00 Exception <a 'java/lang/NoSuchMethodError'{0x00000000d5a0cb20}: 'void java.lang.invoke.DirectMethodHandle$Holder.invokeSpecial(java.lang.Object, java.lang.Object, java.lang.Object, int, java.lang.Object)'> (0x00000000d5a0cb20) 
thrown [s\src\hotspot\share\interpreter\linkResolver.cpp, line 773]
Event: 3.342 Thread 0x000001d19cb3da00 Exception <a 'java/lang/NoSuchMethodError'{0x00000000d5a0ff90}: 'void java.lang.invoke.DelegatingMethodHandle$Holder.delegate(java.lang.Object, java.lang.Object, int, java.lang.Object)'> (0x00000000d5a0ff90) 
thrown [s\src\hotspot\share\interpreter\linkResolver.cpp, line 773]
Event: 4.332 Thread 0x000001d19cb3da00 Exception <a 'java/lang/NoSuchMethodError'{0x00000000d5bcee48}: 'void java.lang.invoke.DelegatingMethodHandle$Holder.reinvoke_L(java.lang.Object, java.lang.Object, java.lang.Object, int)'> (0x00000000d5bcee48) 
thrown [s\src\hotspot\share\interpreter\linkResolver.cpp, line 773]
Event: 7.412 Thread 0x000001d19cb3da00 Exception <a 'java/lang/NoSuchMethodError'{0x00000000d605a280}: 'void java.lang.invoke.DirectMethodHandle$Holder.invokeVirtual(java.lang.Object, java.lang.Object)'> (0x00000000d605a280) 
thrown [s\src\hotspot\share\interpreter\linkResolver.cpp, line 773]
Event: 9.176 Thread 0x000001d19cb3da00 Exception <a 'java/lang/NoSuchMethodError'{0x00000000d643d518}: 'void java.lang.invoke.DirectMethodHandle$Holder.invokeStatic(java.lang.Object, java.lang.Object)'> (0x00000000d643d518) 
thrown [s\src\hotspot\share\interpreter\linkResolver.cpp, line 773]
Event: 9.219 Thread 0x000001d19cb3da00 Exception <a 'java/lang/ClassNotFoundException'{0x00000000d6465970}: sun/net/www/protocol/c/Handler> (0x00000000d6465970) 
thrown [s\src\hotspot\share\classfile\systemDictionary.cpp, line 312]
Event: 9.432 Thread 0x000001d19cb3da00 Exception <a 'java/io/FileNotFoundException'{0x00000000d64bf0e0}> (0x00000000d64bf0e0) 
thrown [s\src\hotspot\share\prims\jni.cpp, line 520]
Event: 9.433 Thread 0x000001d19cb3da00 Exception <a 'java/io/FileNotFoundException'{0x00000000d64c0448}> (0x00000000d64c0448) 
thrown [s\src\hotspot\share\prims\jni.cpp, line 520]
Event: 9.434 Thread 0x000001d19cb3da00 Exception <a 'java/io/FileNotFoundException'{0x00000000d64c10c0}> (0x00000000d64c10c0) 
thrown [s\src\hotspot\share\prims\jni.cpp, line 520]
Event: 9.434 Thread 0x000001d19cb3da00 Exception <a 'java/io/FileNotFoundException'{0x00000000d64c1c00}> (0x00000000d64c1c00) 
thrown [s\src\hotspot\share\prims\jni.cpp, line 520]
Event: 9.446 Thread 0x000001d19cb3da00 Implicit null exception at 0x000001d1a7825624 to 0x000001d1a7825bec
Event: 9.446 Thread 0x000001d19cb3da00 Implicit null exception at 0x000001d1a78265a0 to 0x000001d1a7826b5c
Event: 9.575 Thread 0x000001d19cb3da00 Exception <a 'java/io/FileNotFoundException'{0x00000000d64fa080}> (0x00000000d64fa080) 
thrown [s\src\hotspot\share\prims\jni.cpp, line 520]
Event: 9.715 Thread 0x000001d19cb3da00 Exception <a 'java/lang/NoSuchMethodError'{0x00000000d65325c8}: 'java.lang.Object java.lang.invoke.DirectMethodHandle$Holder.invokeInterface(java.lang.Object, java.lang.Object)'> (0x00000000d65325c8) 
thrown [s\src\hotspot\share\interpreter\linkResolver.cpp, line 773]
Event: 9.744 Thread 0x000001d19cb3da00 Exception <a 'java/lang/NoSuchMethodError'{0x00000000d6545e30}: 'java.lang.Object java.lang.invoke.Invokers$Holder.invokeExact_MT(java.lang.Object, java.lang.Object, java.lang.Object, java.lang.Object, java.lang.Object, java.lang.Object)'> (0x00000000d6545e30) 
thrown [s\src\hotspot\share\interpreter\linkResolver.cpp, line 773]
Event: 9.752 Thread 0x000001d19cb3da00 Exception <a 'java/lang/NoSuchMethodError'{0x00000000d655d088}: 'int java.lang.invoke.DirectMethodHandle$Holder.invokeStatic(java.lang.Object, java.lang.Object, java.lang.Object, java.lang.Object, java.lang.Object)'> (0x00000000d655d088) 
thrown [s\src\hotspot\share\interpreter\linkResolver.cpp, line 773]
Event: 10.094 Thread 0x000001d19cb3da00 Exception <a 'java/lang/NoSuchMethodError'{0x00000000d65f0a50}: 'java.lang.Object java.lang.invoke.DirectMethodHandle$Holder.invokeInterface(java.lang.Object, java.lang.Object, int)'> (0x00000000d65f0a50) 
thrown [s\src\hotspot\share\interpreter\linkResolver.cpp, line 773]
Event: 10.226 Thread 0x000001d19cb3da00 Exception <a 'sun/nio/fs/WindowsException'{0x00000000d66362f8}> (0x00000000d66362f8) 
thrown [s\src\hotspot\share\prims\jni.cpp, line 520]
Event: 10.227 Thread 0x000001d19cb3da00 Exception <a 'sun/nio/fs/WindowsException'{0x00000000d663b6a8}> (0x00000000d663b6a8) 
thrown [s\src\hotspot\share\prims\jni.cpp, line 520]

ZGC Phase Switch (0 events):
No events

VM Operations (20 events):
Event: 2.802 Executing VM operation: HandshakeAllThreads (Deoptimize)
Event: 2.802 Executing VM operation: HandshakeAllThreads (Deoptimize) done
Event: 2.802 Executing VM operation: Cleanup
Event: 2.803 Executing VM operation: Cleanup done
Event: 3.804 Executing VM operation: Cleanup
Event: 4.034 Executing VM operation: Cleanup done
Event: 5.040 Executing VM operation: Cleanup
Event: 5.787 Executing VM operation: Cleanup done
Event: 7.800 Executing VM operation: Cleanup
Event: 7.801 Executing VM operation: Cleanup done
Event: 8.803 Executing VM operation: Cleanup
Event: 8.818 Executing VM operation: Cleanup done
Event: 9.059 Executing VM operation: HandshakeAllThreads (Deoptimize)
Event: 9.060 Executing VM operation: HandshakeAllThreads (Deoptimize) done
Event: 9.166 Executing VM operation: HandshakeAllThreads (Deoptimize)
Event: 9.166 Executing VM operation: HandshakeAllThreads (Deoptimize) done
Event: 10.180 Executing VM operation: Cleanup
Event: 10.180 Executing VM operation: Cleanup done
Event: 11.192 Executing VM operation: Cleanup
Event: 12.551 Executing VM operation: Cleanup done

Memory protections (0 events):
No events

Nmethod flushes (0 events):
No events

Events (19 events):
Event: 1.143 Thread 0x000001d19cb3da00 Thread added: 0x000001d19cb3da00
Event: 1.482 Thread 0x000001d19cb3da00 Thread added: 0x000001d19caa8370
Event: 1.484 Thread 0x000001d19cb3da00 Thread added: 0x000001d19cbee6a0
Event: 1.492 Thread 0x000001d19cb3da00 Thread added: 0x000001d19caaf700
Event: 1.492 Thread 0x000001d19cb3da00 Thread added: 0x000001d19cab1e60
Event: 1.493 Thread 0x000001d19cb3da00 Thread added: 0x000001d19cab38c0
Event: 1.493 Thread 0x000001d19cb3da00 Thread added: 0x000001d19cab4310
Event: 1.497 Thread 0x000001d19cb3da00 Thread added: 0x000001d19cabb960
Event: 1.503 Thread 0x000001d19cb3da00 Thread added: 0x000001d19cacc970
Event: 1.634 Thread 0x000001d19cb3da00 Thread added: 0x000001d1fa05e900
Event: 1.862 Thread 0x000001d19cacc970 Thread added: 0x000001d1fa0e3680
Event: 2.043 Thread 0x000001d1fa0e3680 Thread exited: 0x000001d1fa0e3680
Event: 4.684 Thread 0x000001d19cb3da00 Thread added: 0x000001d1fa32a8c0
Event: 6.829 Thread 0x000001d19cacc970 Thread added: 0x000001d1fa314000
Event: 6.999 Thread 0x000001d1fa314000 Thread exited: 0x000001d1fa314000
Event: 7.880 Thread 0x000001d19cacc970 Thread added: 0x000001d1fa3fe800
Event: 8.222 Thread 0x000001d1fa3fe800 Thread exited: 0x000001d1fa3fe800
Event: 9.169 Thread 0x000001d19cacc970 Thread added: 0x000001d1fa6db950
Event: 9.375 Thread 0x000001d1fa6db950 Thread exited: 0x000001d1fa6db950


Dynamic libraries:
0x00007ff728f90000 - 0x00007ff728f9e000 	c:\Users\ziada\.cursor\extensions\redhat.java-1.43.1-win32-x64\jre\21.0.7-win32-x86_64\bin\java.exe
0x00007ffed8f60000 - 0x00007ffed91c5000 	C:\WINDOWS\SYSTEM32\ntdll.dll
0x00007ffed6f00000 - 0x00007ffed6fc9000 	C:\WINDOWS\System32\KERNEL32.DLL
0x00007ffed6760000 - 0x00007ffed6b48000 	C:\WINDOWS\System32\KERNELBASE.dll
0x00007ffed2180000 - 0x00007ffed221e000 	C:\WINDOWS\SYSTEM32\apphelp.dll
0x00007ffed64b0000 - 0x00007ffed65fb000 	C:\WINDOWS\System32\ucrtbase.dll
0x00007ffecbdb0000 - 0x00007ffecbdc8000 	c:\Users\ziada\.cursor\extensions\redhat.java-1.43.1-win32-x64\jre\21.0.7-win32-x86_64\bin\jli.dll
0x00007ffed8d50000 - 0x00007ffed8f1a000 	C:\WINDOWS\System32\USER32.dll
0x00007ffed6b50000 - 0x00007ffed6b77000 	C:\WINDOWS\System32\win32u.dll
0x00007ffeca370000 - 0x00007ffeca38e000 	c:\Users\ziada\.cursor\extensions\redhat.java-1.43.1-win32-x64\jre\21.0.7-win32-x86_64\bin\VCRUNTIME140.dll
0x00007ffed7300000 - 0x00007ffed732b000 	C:\WINDOWS\System32\GDI32.dll
0x00007ffed61f0000 - 0x00007ffed6327000 	C:\WINDOWS\System32\gdi32full.dll
0x00007ffed60b0000 - 0x00007ffed6153000 	C:\WINDOWS\System32\msvcp_win.dll
0x00007ffebcca0000 - 0x00007ffebcf3a000 	C:\WINDOWS\WinSxS\amd64_microsoft.windows.common-controls_6595b64144ccf1df_6.0.26100.4202_none_3e0698d4e335f517\COMCTL32.dll
0x00007ffed7070000 - 0x00007ffed7119000 	C:\WINDOWS\System32\msvcrt.dll
0x00007ffed8210000 - 0x00007ffed8240000 	C:\WINDOWS\System32\IMM32.DLL
0x00007ffed1560000 - 0x00007ffed156c000 	c:\Users\ziada\.cursor\extensions\redhat.java-1.43.1-win32-x64\jre\21.0.7-win32-x86_64\bin\vcruntime140_1.dll
0x00007ffe9b420000 - 0x00007ffe9b4ad000 	c:\Users\ziada\.cursor\extensions\redhat.java-1.43.1-win32-x64\jre\21.0.7-win32-x86_64\bin\msvcp140.dll
0x00007ffe47e50000 - 0x00007ffe48be0000 	c:\Users\ziada\.cursor\extensions\redhat.java-1.43.1-win32-x64\jre\21.0.7-win32-x86_64\bin\server\jvm.dll
0x00007ffed8c90000 - 0x00007ffed8d43000 	C:\WINDOWS\System32\ADVAPI32.dll
0x00007ffed8850000 - 0x00007ffed88f6000 	C:\WINDOWS\System32\sechost.dll
0x00007ffed7c70000 - 0x00007ffed7d85000 	C:\WINDOWS\System32\RPCRT4.dll
0x00007ffed8340000 - 0x00007ffed83b4000 	C:\WINDOWS\System32\WS2_32.dll
0x00007ffed5f20000 - 0x00007ffed5f7e000 	C:\WINDOWS\SYSTEM32\POWRPROF.dll
0x00007ffec0a00000 - 0x00007ffec0a35000 	C:\WINDOWS\SYSTEM32\WINMM.dll
0x00007ffeca970000 - 0x00007ffeca97b000 	C:\WINDOWS\SYSTEM32\VERSION.dll
0x00007ffed5f00000 - 0x00007ffed5f14000 	C:\WINDOWS\SYSTEM32\UMPDC.dll
0x00007ffed4e30000 - 0x00007ffed4e4b000 	C:\WINDOWS\SYSTEM32\kernel.appcore.dll
0x00007ffecbdf0000 - 0x00007ffecbdfa000 	c:\Users\ziada\.cursor\extensions\redhat.java-1.43.1-win32-x64\jre\21.0.7-win32-x86_64\bin\jimage.dll
0x00007ffed3970000 - 0x00007ffed3bb1000 	C:\WINDOWS\SYSTEM32\DBGHELP.DLL
0x00007ffed8900000 - 0x00007ffed8c85000 	C:\WINDOWS\System32\combase.dll
0x00007ffed8250000 - 0x00007ffed8331000 	C:\WINDOWS\System32\OLEAUT32.dll
0x00007ffea8360000 - 0x00007ffea8399000 	C:\WINDOWS\SYSTEM32\dbgcore.DLL
0x00007ffed6600000 - 0x00007ffed6699000 	C:\WINDOWS\System32\bcryptPrimitives.dll
0x00007ffecb7d0000 - 0x00007ffecb7df000 	c:\Users\ziada\.cursor\extensions\redhat.java-1.43.1-win32-x64\jre\21.0.7-win32-x86_64\bin\instrument.dll
0x00007ffec6dc0000 - 0x00007ffec6ddf000 	c:\Users\ziada\.cursor\extensions\redhat.java-1.43.1-win32-x64\jre\21.0.7-win32-x86_64\bin\java.dll
0x00007ffed7330000 - 0x00007ffed7a72000 	C:\WINDOWS\System32\SHELL32.dll
0x00007ffed6b80000 - 0x00007ffed6cf4000 	C:\WINDOWS\System32\wintypes.dll
0x00007ffed3bc0000 - 0x00007ffed4418000 	C:\WINDOWS\SYSTEM32\windows.storage.dll
0x00007ffed6e00000 - 0x00007ffed6ef1000 	C:\WINDOWS\System32\SHCORE.dll
0x00007ffed7290000 - 0x00007ffed72fa000 	C:\WINDOWS\System32\shlwapi.dll
0x00007ffed5fc0000 - 0x00007ffed5fef000 	C:\WINDOWS\SYSTEM32\profapi.dll
0x00007ffebd850000 - 0x00007ffebd868000 	c:\Users\ziada\.cursor\extensions\redhat.java-1.43.1-win32-x64\jre\21.0.7-win32-x86_64\bin\zip.dll
0x00007ffecb790000 - 0x00007ffecb7a0000 	C:\Users\ziada\.cursor\extensions\redhat.java-1.43.1-win32-x64\jre\21.0.7-win32-x86_64\bin\net.dll
0x00007ffeca0b0000 - 0x00007ffeca1ce000 	C:\WINDOWS\SYSTEM32\WINHTTP.dll
0x00007ffed5390000 - 0x00007ffed53fa000 	C:\WINDOWS\system32\mswsock.dll
0x00007ffeb0750000 - 0x00007ffeb0766000 	C:\Users\ziada\.cursor\extensions\redhat.java-1.43.1-win32-x64\jre\21.0.7-win32-x86_64\bin\nio.dll
0x00007ffecb6c0000 - 0x00007ffecb6d0000 	c:\Users\ziada\.cursor\extensions\redhat.java-1.43.1-win32-x64\jre\21.0.7-win32-x86_64\bin\verify.dll

dbghelp: loaded successfully - version: 4.0.5 - missing functions: none
symbol engine: initialized successfully - sym options: 0x614 - pdb path: .;c:\Users\ziada\.cursor\extensions\redhat.java-1.43.1-win32-x64\jre\21.0.7-win32-x86_64\bin;C:\WINDOWS\SYSTEM32;C:\WINDOWS\WinSxS\amd64_microsoft.windows.common-controls_6595b64144ccf1df_6.0.26100.4202_none_3e0698d4e335f517;c:\Users\ziada\.cursor\extensions\redhat.java-1.43.1-win32-x64\jre\21.0.7-win32-x86_64\bin\server

VM Arguments:
jvm_args: --add-modules=ALL-SYSTEM --add-opens=java.base/java.util=ALL-UNNAMED --add-opens=java.base/java.lang=ALL-UNNAMED --add-opens=java.base/sun.nio.fs=ALL-UNNAMED -Declipse.application=org.eclipse.jdt.ls.core.id1 -Dosgi.bundles.defaultStartLevel=4 -Declipse.product=org.eclipse.jdt.ls.core.product -Djava.import.generatesMetadataFilesAtProjectRoot=false -DDetectVMInstallationsJob.disabled=true -Dfile.encoding=utf8 -XX:+UseParallelGC -XX:GCTimeRatio=4 -XX:AdaptiveSizePolicyWeight=90 -Dsun.zip.disableMemoryMapping=true -Xmx2G -Xms100m -Xlog:disable -javaagent:c:\Users\ziada\.cursor\extensions\redhat.java-1.43.1-win32-x64\lombok\lombok-1.18.39-4050.jar 
java_command: c:\Users\ziada\.cursor\extensions\redhat.java-1.43.1-win32-x64\server\plugins\org.eclipse.equinox.launcher_1.7.0.v20250519-0528.jar -configuration c:\Users\ziada\AppData\Roaming\Cursor\User\globalStorage\redhat.java\1.43.1\config_ss_win -data c:\Users\ziada\AppData\Roaming\Cursor\User\workspaceStorage\66ca30e7e2d5072e9b0075de8fcedb7e\redhat.java\ss_ws --pipe=\\.\pipe\lsp-14f6dadf5c4110ef299ab1ba7e1938c2-sock
java_class_path (initial): c:\Users\ziada\.cursor\extensions\redhat.java-1.43.1-win32-x64\server\plugins\org.eclipse.equinox.launcher_1.7.0.v20250519-0528.jar
Launcher Type: SUN_STANDARD

[Global flags]
    uintx AdaptiveSizePolicyWeight                 = 90                                        {product} {command line}
     intx CICompilerCount                          = 4                                         {product} {ergonomic}
    uintx GCTimeRatio                              = 4                                         {product} {command line}
   size_t InitialHeapSize                          = 104857600                                 {product} {command line}
   size_t MaxHeapSize                              = 2147483648                                {product} {command line}
   size_t MaxNewSize                               = 715653120                                 {product} {ergonomic}
   size_t MinHeapDeltaBytes                        = 524288                                    {product} {ergonomic}
   size_t MinHeapSize                              = 104857600                                 {product} {command line}
   size_t NewSize                                  = 34603008                                  {product} {ergonomic}
    uintx NonNMethodCodeHeapSize                   = 5839372                                {pd product} {ergonomic}
    uintx NonProfiledCodeHeapSize                  = 122909434                              {pd product} {ergonomic}
   size_t OldSize                                  = 70254592                                  {product} {ergonomic}
    uintx ProfiledCodeHeapSize                     = 122909434                              {pd product} {ergonomic}
    uintx ReservedCodeCacheSize                    = 251658240                              {pd product} {ergonomic}
     bool SegmentedCodeCache                       = true                                      {product} {ergonomic}
   size_t SoftMaxHeapSize                          = 2147483648                             {manageable} {ergonomic}
     bool UseCompressedOops                        = true                           {product lp64_product} {ergonomic}
     bool UseLargePagesIndividualAllocation        = false                                  {pd product} {ergonomic}
     bool UseParallelGC                            = true                                      {product} {command line}

Logging:
Log output configuration:
 #0: stdout all=off uptime,level,tags foldmultilines=false
 #1: stderr all=off uptime,level,tags foldmultilines=false

Environment Variables:
JAVA_HOME=C:\Program Files\Java\jdk-21
PATH=C:\Program Files\Google\Chrome\Application;C:\Program Files\Common Files\Oracle\Java\javapath;C:\WINDOWS\system32;C:\WINDOWS;C:\WINDOWS\System32\Wbem;C:\WINDOWS\System32\WindowsPowerShell\v1.0\;C:\WINDOWS\System32\OpenSSH\;C:\Program Files (x86)\IVI Foundation\VISA\WinNT\Bin;C:\Program Files\Microsoft SQL Server\150\Tools\Binn\;C:\Program Files\Microsoft SQL Server\Client SDK\ODBC\170\Tools\Binn\;C:\Program Files\dotnet\;C:\Program Files (x86)\Microsoft SQL Server\160\Tools\Binn\;C:\Program Files\Microsoft SQL Server\160\Tools\Binn\;C:\Program Files\Microsoft SQL Server\160\DTS\Binn\;C:\Program Files (x86)\Microsoft SQL Server\160\DTS\Binn\;C:\Program Files\Azure Data Studio\bin;C:\Program Files (x86)\Windows Kits\10\Windows Performance Toolkit\;C:\Program Files\Git\cmd;C:\Program Files\nodejs\;C:\Program Files\swipl\bin;C:\Program Files\Java\jdk-21\bin;C:\Program Files (x86)\apache-maven-3.9.9\bin;;C:\Program Files\NVIDIA Corporation\NVIDIA App\NvDLISR;C:\Program Files (x86)\NVIDIA Corporation\PhysX\Common;C:\Users\ziada\scoop\shims;C:\Users\ziada\AppData\Local\Programs\Python\Python313\Scripts\;C:\Users\ziada\AppData\Local\Programs\Python\Python313\;C:\Users\ziada\AppData\Local\Microsoft\WindowsApps;C:\Users\ziada\AppData\Local\Programs\Microsoft VS Code\bin;C:\Users\ziada\AppData\Local\GitHubDesktop\bin;C:\Program Files\Azure Data Studio\bin;C:\Users\ziada\.dotnet\tools;C:\Users\ziada\AppData\Roaming\npm;
USERNAME=ziada
OS=Windows_NT
PROCESSOR_IDENTIFIER=Intel64 Family 6 Model 142 Stepping 10, GenuineIntel
TMP=C:\Users\ziada\AppData\Local\Temp
TEMP=C:\Users\ziada\AppData\Local\Temp




Periodic native trim disabled

---------------  S Y S T E M  ---------------

OS:
 Windows 11 , 64 bit Build 26100 (10.0.26100.4202)
OS uptime: 3 days 13:32 hours
Hyper-V role detected

CPU: total 8 (initial active 8) (4 cores per cpu, 2 threads per core) family 6 model 142 stepping 10 microcode 0xf0, cx8, cmov, fxsr, ht, mmx, 3dnowpref, sse, sse2, sse3, ssse3, sse4.1, sse4.2, popcnt, lzcnt, tsc, tscinvbit, avx, avx2, aes, erms, clmul, bmi1, bmi2, adx, fma, vzeroupper, clflush, clflushopt, hv, rdtscp, f16c
Processor Information for the first 8 processors :
  Max Mhz: 1992, Current Mhz: 1792, Mhz Limit: 1792

Memory: 4k page, system-wide physical 8083M (1015M free)
TotalPageFile size 14872M (AvailPageFile size 0M)
current process WorkingSet (physical memory assigned to process): 69M, peak: 69M
current process commit charge ("private bytes"): 230M, peak: 231M

vm_info: OpenJDK 64-Bit Server VM (21.0.7+6-LTS) for windows-amd64 JRE (21.0.7+6-LTS), built on 2025-04-15T00:00:00Z by "admin" with MS VC++ 17.7 (VS2022)

END.
